INFO  2023-06-06 12:23:54 [MyLogger.java] MyLogger:24 - Start Aplikacji
INFO  2023-06-06 12:24:07 [MyLogger.java] MyLogger:24 - Zamkniecie aplikacji
INFO  2023-06-06 12:24:18 [MyLogger.java] MyLogger:24 - Start Aplikacji
INFO  2023-06-06 12:24:25 [MyLogger.java] MyLogger:24 - Zamkniecie aplikacji
INFO  2023-06-06 12:24:28 [MyLogger.java] MyLogger:24 - Zamkniecie aplikacji
INFO  2023-06-06 12:25:22 [MyLogger.java] MyLogger:24 - Start Aplikacji
INFO  2023-06-06 12:25:26 [MyLogger.java] MyLogger:24 - Zamkniecie aplikacji
INFO  2023-06-06 12:25:31 [MyLogger.java] MyLogger:24 - Zamkniecie aplikacji
INFO  2023-06-06 12:25:33 [MyLogger.java] MyLogger:24 - Zamkniecie aplikacji
INFO  2023-06-06 12:25:38 [MyLogger.java] MyLogger:24 - Zamkniecie aplikacji
INFO  2023-06-06 12:26:24 [MyLogger.java] MyLogger:24 - Start Aplikacji
INFO  2023-06-06 12:31:35 [MyLogger.java] MyLogger:24 - Start Aplikacji
ERROR 2023-06-06 12:31:43 [MyLogger.java] MyLogger:26 - Błąd podana wartość nie jest liczbą
INFO  2023-06-06 12:38:33 [MyLogger.java] MyLogger:24 - Start Aplikacji
INFO  2023-06-06 12:46:27 [MyLogger.java] MyLogger:24 - Start Aplikacji
INFO  2023-06-06 12:47:24 [MyLogger.java] MyLogger:24 - Start Aplikacji
INFO  2023-06-06 16:00:09 [MyLogger.java] MyLogger:30 - Start Aplikacji
INFO  2023-06-06 16:00:46 [MyLogger.java] MyLogger:30 - Zamykanie aplikacji
INFO  2023-06-06 22:01:38 [null] MyLogger:-1 - Start Aplikacji
INFO  2023-06-06 22:01:47 [null] MyLogger:-1 - Zamykanie aplikacji
INFO  2023-06-07 12:17:49 [MyLogger.java] MyLogger:30 - Start Aplikacji
INFO  2023-06-07 12:19:01 [MyLogger.java] MyLogger:30 - Zamykanie aplikacji
INFO  2023-06-07 12:23:10 [null] MyLogger:-1 - Start Aplikacji
INFO  2023-06-07 12:23:49 [null] MyLogger:-1 - Zamykanie aplikacji
INFO  2023-06-07 12:32:35 [null] MyLogger:-1 - Start Aplikacji
INFO  2023-06-07 12:33:27 [null] MyLogger:-1 - Zamykanie aplikacji
INFO  2023-06-07 12:37:20 [null] MyLogger:-1 - Start Aplikacji
INFO  2023-06-07 13:00:29 [MyLogger.java] MyLogger:30 - Start Aplikacji
INFO  2023-06-07 13:00:39 [MyLogger.java] MyLogger:30 - Zamykanie aplikacji
INFO  2023-06-07 13:03:20 [MyLogger.java] MyLogger:30 - Start Aplikacji
INFO  2023-06-07 13:03:28 [MyLogger.java] MyLogger:30 - Zamykanie aplikacji
INFO  2023-06-07 13:06:32 [MyLogger.java] MyLogger:30 - Start Aplikacji
INFO  2023-06-07 13:06:39 [MyLogger.java] MyLogger:30 - Zamykanie aplikacji
INFO  2023-06-07 13:08:11 [MyLogger.java] MyLogger:30 - Start Aplikacji
INFO  2023-06-07 13:08:19 [MyLogger.java] MyLogger:30 - Zamykanie aplikacji
INFO  2023-06-07 13:11:50 [MyLogger.java] MyLogger:30 - Start Aplikacji
INFO  2023-06-07 13:11:59 [MyLogger.java] MyLogger:30 - Zamykanie aplikacji
INFO  2023-06-07 13:15:56 [MyLogger.java] MyLogger:30 - Start Aplikacji
INFO  2023-06-07 13:16:03 [MyLogger.java] MyLogger:30 - Zamykanie aplikacji
INFO  2023-06-07 13:16:33 [MyLogger.java] MyLogger:30 - Start Aplikacji
INFO  2023-06-07 13:16:40 [MyLogger.java] MyLogger:30 - Zamykanie aplikacji
